2023-08-14 03:52:32.022 [main] INFO  com.code.Application - Starting Application on LAPTOP-3N3LAPIG with PID 19308 (C:\Users\pc\Documents\workspeac\AutoDemo\autodemo\devlopcode\target\classes started by pc in C:\Users\pc\Documents\workspeac\AutoDemo\autodemo)
2023-08-14 03:52:32.032 [main] INFO  com.code.Application - No active profile set, falling back to default profiles: default
2023-08-14 03:52:32.128 [main] INFO  o.s.boot.web.servlet.context.AnnotationConfigServletWebServerApplicationContext - Refreshing org.springframework.boot.web.servlet.context.AnnotationConfigServletWebServerApplicationContext@79d8407f: startup date [Mon Aug 14 03:52:32 GMT+08:00 2023]; root of context hierarchy
2023-08-14 03:52:33.568 [main] WARN  org.mybatis.spring.mapper.ClassPathMapperScanner - No MyBatis mapper was found in '[com.code]' package. Please check your configuration.
2023-08-14 03:52:33.878 [main] INFO  o.s.context.support.PostProcessorRegistrationDelegate$BeanPostProcessorChecker - Bean 'org.springframework.transaction.annotation.ProxyTransactionManagementConfiguration' of type [org.springframework.transaction.annotation.ProxyTransactionManagementConfiguration$$EnhancerBySpringCGLIB$$1e37dd37] is not eligible for getting processed by all BeanPostProcessors (for example: not eligible for auto-proxying)
2023-08-14 03:52:34.042 [main] WARN  o.s.boot.web.servlet.context.AnnotationConfigServletWebServerApplicationContext - Exception encountered during context initialization - cancelling refresh attempt: org.springframework.context.ApplicationContextException: Unable to start web server; nested exception is org.springframework.beans.factory.BeanCreationException: Error creating bean with name 'tomcatServletWebServerFactory' defined in class path resource [org/springframework/boot/autoconfigure/web/servlet/ServletWebServerFactoryConfiguration$EmbeddedTomcat.class]: Initialization of bean failed; nested exception is org.springframework.beans.factory.UnsatisfiedDependencyException: Error creating bean with name 'servletWebServerFactoryCustomizer' defined in class path resource [org/springframework/boot/autoconfigure/web/servlet/ServletWebServerFactoryAutoConfiguration.class]: Unsatisfied dependency expressed through method 'servletWebServerFactoryCustomizer' parameter 0; nested exception is org.springframework.boot.context.properties.ConfigurationPropertiesBindException: Error creating bean with name 'server-org.springframework.boot.autoconfigure.web.ServerProperties': Could not bind properties to 'ServerProperties' : prefix=server, ignoreInvalidFields=false, ignoreUnknownFields=true; nested exception is org.springframework.boot.context.properties.bind.BindException: Failed to bind properties under 'server' to org.springframework.boot.autoconfigure.web.ServerProperties
2023-08-14 03:52:34.053 [main] INFO  o.s.boot.autoconfigure.logging.ConditionEvaluationReportLoggingListener - 

Error starting ApplicationContext. To display the conditions report re-run your application with 'debug' enabled.
2023-08-14 03:52:34.056 [main] ERROR org.springframework.boot.diagnostics.LoggingFailureAnalysisReporter - 

***************************
APPLICATION FAILED TO START
***************************

Description:

Failed to bind properties under 'server' to org.springframework.boot.autoconfigure.web.ServerProperties:

    Property: server
    Value: port:8080
    Origin: class path resource [application.yml]:2:3
    Reason: No converter found capable of converting from type [java.lang.String] to type [@org.springframework.boot.context.properties.ConfigurationProperties org.springframework.boot.autoconfigure.web.ServerProperties]

Action:

Update your application's configuration

2023-08-14 03:53:43.480 [main] INFO  com.code.Application - Starting Application on LAPTOP-3N3LAPIG with PID 15584 (C:\Users\pc\Documents\workspeac\AutoDemo\autodemo\devlopcode\target\classes started by pc in C:\Users\pc\Documents\workspeac\AutoDemo\autodemo)
2023-08-14 03:53:43.486 [main] INFO  com.code.Application - No active profile set, falling back to default profiles: default
2023-08-14 03:53:43.581 [main] INFO  o.s.boot.web.servlet.context.AnnotationConfigServletWebServerApplicationContext - Refreshing org.springframework.boot.web.servlet.context.AnnotationConfigServletWebServerApplicationContext@7530ad9c: startup date [Mon Aug 14 03:53:43 GMT+08:00 2023]; root of context hierarchy
2023-08-14 03:53:45.100 [main] WARN  org.mybatis.spring.mapper.ClassPathMapperScanner - No MyBatis mapper was found in '[com.code]' package. Please check your configuration.
2023-08-14 03:53:45.394 [main] INFO  o.s.context.support.PostProcessorRegistrationDelegate$BeanPostProcessorChecker - Bean 'org.springframework.transaction.annotation.ProxyTransactionManagementConfiguration' of type [org.springframework.transaction.annotation.ProxyTransactionManagementConfiguration$$EnhancerBySpringCGLIB$$7214d4a7] is not eligible for getting processed by all BeanPostProcessors (for example: not eligible for auto-proxying)
2023-08-14 03:53:45.553 [main] WARN  o.s.boot.web.servlet.context.AnnotationConfigServletWebServerApplicationContext - Exception encountered during context initialization - cancelling refresh attempt: org.springframework.context.ApplicationContextException: Unable to start web server; nested exception is org.springframework.beans.factory.BeanCreationException: Error creating bean with name 'tomcatServletWebServerFactory' defined in class path resource [org/springframework/boot/autoconfigure/web/servlet/ServletWebServerFactoryConfiguration$EmbeddedTomcat.class]: Initialization of bean failed; nested exception is org.springframework.beans.factory.UnsatisfiedDependencyException: Error creating bean with name 'servletWebServerFactoryCustomizer' defined in class path resource [org/springframework/boot/autoconfigure/web/servlet/ServletWebServerFactoryAutoConfiguration.class]: Unsatisfied dependency expressed through method 'servletWebServerFactoryCustomizer' parameter 0; nested exception is org.springframework.boot.context.properties.ConfigurationPropertiesBindException: Error creating bean with name 'server-org.springframework.boot.autoconfigure.web.ServerProperties': Could not bind properties to 'ServerProperties' : prefix=server, ignoreInvalidFields=false, ignoreUnknownFields=true; nested exception is org.springframework.boot.context.properties.bind.BindException: Failed to bind properties under 'server' to org.springframework.boot.autoconfigure.web.ServerProperties
2023-08-14 03:53:45.563 [main] INFO  o.s.boot.autoconfigure.logging.ConditionEvaluationReportLoggingListener - 

Error starting ApplicationContext. To display the conditions report re-run your application with 'debug' enabled.
2023-08-14 03:53:45.567 [main] ERROR org.springframework.boot.diagnostics.LoggingFailureAnalysisReporter - 

***************************
APPLICATION FAILED TO START
***************************

Description:

Failed to bind properties under 'server' to org.springframework.boot.autoconfigure.web.ServerProperties:

    Property: server
    Value: port:8800
    Origin: class path resource [application.yml]:2:3
    Reason: No converter found capable of converting from type [java.lang.String] to type [@org.springframework.boot.context.properties.ConfigurationProperties org.springframework.boot.autoconfigure.web.ServerProperties]

Action:

Update your application's configuration

